<?xml version="1.0" encoding="UTF-8"?>
<!-- Generated by org.testng.reporters.JUnitXMLReporter -->
<testsuite ignored="0" hostname="DESKTOP-QFBMQ48" failures="0" tests="4" name="Test" time="0.065" errors="0" timestamp="2022-01-09T12:56:32 IST">
  <testcase classname="scripts.Test4" name="tc4" time="0.008"/>
  <testcase classname="scripts.Test3" name="tc3" time="0.002"/>
  <testcase classname="scripts.Test2" name="tc2" time="0.001"/>
  <testcase classname="scripts.Test0" name="tc1" time="0.001"/>
</testsuite> <!-- Test -->
