<?xml version="1.0" encoding="UTF-8"?>
<testng-results ignored="0" total="4" passed="4" failed="0" skipped="0">
  <reporter-output>
    <line>
      <![CDATA[Hello java]]>
    </line>
    <line>
      <![CDATA[Hello Appium]]>
    </line>
    <line>
      <![CDATA[Hello Selenium]]>
    </line>
    <line>
      <![CDATA[Hello java]]>
    </line>
  </reporter-output>
  <suite started-at="2022-01-09T12:56:32 IST" name="Suite" finished-at="2022-01-09T12:56:32 IST" duration-ms="65">
    <groups>
    </groups>
    <test started-at="2022-01-09T12:56:32 IST" name="Test" finished-at="2022-01-09T12:56:32 IST" duration-ms="65">
      <class name="scripts.Test0">
        <test-method signature="tc1()[pri:0, instance:scripts.Test0@4d02f94e]" started-at="2022-01-09T12:56:32 IST" name="tc1" finished-at="2022-01-09T12:56:32 IST" duration-ms="1" status="PASS">
          <reporter-output>
            <line>
              <![CDATA[Hello java]]>
            </line>
          </reporter-output>
        </test-method> <!-- tc1 -->
      </class> <!-- scripts.Test0 -->
      <class name="scripts.Test3">
        <test-method signature="tc3()[pri:0, instance:scripts.Test3@3fb1549b]" started-at="2022-01-09T12:56:32 IST" name="tc3" finished-at="2022-01-09T12:56:32 IST" duration-ms="2" status="PASS">
          <reporter-output>
            <line>
              <![CDATA[Hello Appium]]>
            </line>
          </reporter-output>
        </test-method> <!-- tc3 -->
      </class> <!-- scripts.Test3 -->
      <class name="scripts.Test2">
        <test-method signature="tc2()[pri:0, instance:scripts.Test2@ea6147e]" started-at="2022-01-09T12:56:32 IST" name="tc2" finished-at="2022-01-09T12:56:32 IST" duration-ms="1" status="PASS">
          <reporter-output>
            <line>
              <![CDATA[Hello Selenium]]>
            </line>
          </reporter-output>
        </test-method> <!-- tc2 -->
      </class> <!-- scripts.Test2 -->
      <class name="scripts.Test4">
        <test-method signature="tc4()[pri:0, instance:scripts.Test4@550ee7e5]" started-at="2022-01-09T12:56:32 IST" name="tc4" finished-at="2022-01-09T12:56:32 IST" duration-ms="8" status="PASS">
          <reporter-output>
            <line>
              <![CDATA[Hello java]]>
            </line>
          </reporter-output>
        </test-method> <!-- tc4 -->
      </class> <!-- scripts.Test4 -->
    </test> <!-- Test -->
  </suite> <!-- Suite -->
</testng-results>
